<?xml version="1.0" encoding="UTF-8"?>
<!-- Generated by org.testng.reporters.JUnitReportReporter -->
<testsuite skipped="0" hostname="TYC112156-ArpithaG" name="PassParameterThroughCmd.Tc__05" tests="1" failures="0" timestamp="2022-02-02T17:23:55 IST" time="17.634" errors="0">
  <testcase name="deleteLoan" time="17.634" classname="PassParameterThroughCmd.Tc__05"/>
  <system-out/>
</testsuite> <!-- PassParameterThroughCmd.Tc__05 -->
