<?xml version="1.0" encoding="UTF-8"?>
<!-- Generated by org.testng.reporters.JUnitReportReporter -->
<testsuite skipped="0" hostname="TYC112156-ArpithaG" name="invoice.TC_14Test" tests="1" failures="0" timestamp="2022-02-02T15:00:20 IST" time="57.965" errors="0">
  <testcase name="createInvoiceWith_InvalidSalesComission" time="57.965" classname="invoice.TC_14Test"/>
  <system-out/>
</testsuite> <!-- invoice.TC_14Test -->
