<?xml version="1.0" encoding="UTF-8"?>
<!-- Generated by org.testng.reporters.JUnitReportReporter -->
<testsuite skipped="0" hostname="TYC112156-ArpithaG" name="invoice.TC_Invoice_11" tests="1" failures="0" timestamp="2022-01-26T17:08:36 IST" time="11.339" errors="0">
  <testcase name="delete_MultipleInvoiceDetails_fromListView" time="11.339" classname="invoice.TC_Invoice_11"/>
  <system-out/>
</testsuite> <!-- invoice.TC_Invoice_11 -->
