<?xml version="1.0" encoding="UTF-8"?>
<!-- Generated by org.testng.reporters.JUnitReportReporter -->
<testsuite skipped="0" hostname="TYC112156-ArpithaG" name="invoice.TC_Invoice_011" tests="1" failures="0" timestamp="2022-01-24T21:30:26 IST" time="27.605" errors="0">
  <testcase name="demo" time="27.605" classname="invoice.TC_Invoice_011"/>
  <system-out/>
</testsuite> <!-- invoice.TC_Invoice_011 -->
